-------------------------------------------------------------------------------
Test set: com.technocratsid.SpringSparkWordCountApplicationTests
-------------------------------------------------------------------------------
Tests run: 1, Failures: 0, Errors: 1, Skipped: 0, Time elapsed: 64.397 s <<< FAILURE! - in com.technocratsid.SpringSparkWordCountApplicationTests
contextLoads(com.technocratsid.SpringSparkWordCountApplicationTests)  Time elapsed: 0.003 s  <<< ERROR!
java.lang.IllegalStateException: Failed to load ApplicationContext
Caused by: org.springframework.beans.factory.UnsatisfiedDependencyException: Error creating bean with name 'wordCountController': Unsatisfied dependency expressed through field 'service'; nested exception is org.springframework.beans.factory.UnsatisfiedDependencyException: Error creating bean with name 'wordCountService': Unsatisfied dependency expressed through field 'sc'; nested exception is org.springframework.beans.factory.BeanCreationException: Error creating bean with name 'sc' defined in class path resource [com/technocratsid/config/SparkConfig.class]: Bean instantiation via factory method failed; nested exception is org.springframework.beans.BeanInstantiationException: Failed to instantiate [org.apache.spark.api.java.JavaSparkContext]: Factory method 'sc' threw exception; nested exception is java.lang.IllegalArgumentException: requirement failed: Can only call getServletHandlers on a running MetricsSystem
Caused by: org.springframework.beans.factory.UnsatisfiedDependencyException: Error creating bean with name 'wordCountService': Unsatisfied dependency expressed through field 'sc'; nested exception is org.springframework.beans.factory.BeanCreationException: Error creating bean with name 'sc' defined in class path resource [com/technocratsid/config/SparkConfig.class]: Bean instantiation via factory method failed; nested exception is org.springframework.beans.BeanInstantiationException: Failed to instantiate [org.apache.spark.api.java.JavaSparkContext]: Factory method 'sc' threw exception; nested exception is java.lang.IllegalArgumentException: requirement failed: Can only call getServletHandlers on a running MetricsSystem
Caused by: org.springframework.beans.factory.BeanCreationException: Error creating bean with name 'sc' defined in class path resource [com/technocratsid/config/SparkConfig.class]: Bean instantiation via factory method failed; nested exception is org.springframework.beans.BeanInstantiationException: Failed to instantiate [org.apache.spark.api.java.JavaSparkContext]: Factory method 'sc' threw exception; nested exception is java.lang.IllegalArgumentException: requirement failed: Can only call getServletHandlers on a running MetricsSystem
Caused by: org.springframework.beans.BeanInstantiationException: Failed to instantiate [org.apache.spark.api.java.JavaSparkContext]: Factory method 'sc' threw exception; nested exception is java.lang.IllegalArgumentException: requirement failed: Can only call getServletHandlers on a running MetricsSystem
Caused by: java.lang.IllegalArgumentException: requirement failed: Can only call getServletHandlers on a running MetricsSystem

